
8월 26, 2020 11:53:55.24 NEW SESSION
8월 26, 2020 11:53:55.24 
8월 26, 2020 11:53:55.31 ###!!! [Child][RunMessage] Error: Channel closing: too late to send/recv, messages will be lost
8월 26, 2020 11:53:55.34 
8월 26, 2020 11:53:55.63 
8월 26, 2020 11:53:55.68 ###!!! [Child][MessageChannel::SendAndWait] Error: Channel error: cannot send/recv
8월 26, 2020 11:53:55.72 
8월 26, 2020 11:55:06.408 
8월 26, 2020 11:55:06.418 ###!!! [Child][RunMessage] Error: Channel closing: too late to send/recv, messages will be lost
8월 26, 2020 11:55:06.422 
8월 26, 2020 11:55:06.433 
8월 26, 2020 11:55:06.437 ###!!! [Child][MessageChannel::SendAndWait] Error: Channel error: cannot send/recv
8월 26, 2020 11:55:06.440 
8월 26, 2020 12:13:01.499 
8월 26, 2020 12:13:01.508 ###!!! [Child][RunMessage] Error: Channel closing: too late to send/recv, messages will be lost
8월 26, 2020 12:13:01.511 
8월 26, 2020 12:13:01.526 
8월 26, 2020 12:13:01.529 ###!!! [Child][MessageChannel::SendAndWait] Error: Channel error: cannot send/recv
8월 26, 2020 12:13:01.534 
8월 26, 2020 12:20:37.989 
8월 26, 2020 12:20:37.993 ###!!! [Child][MessageChannel::SendAndWait] Error: Channel error: cannot send/recv
8월 26, 2020 12:20:37.997 
8월 26, 2020 12:22:46.488 
8월 26, 2020 12:22:46.497 ###!!! [Child][RunMessage] Error: Channel closing: too late to send/recv, messages will be lost
8월 26, 2020 12:22:46.502 
8월 26, 2020 12:22:46.513 
8월 26, 2020 12:22:46.517 ###!!! [Child][MessageChannel::SendAndWait] Error: Channel error: cannot send/recv
8월 26, 2020 12:22:46.521 
8월 26, 2020 12:30:03.450 
8월 26, 2020 12:30:03.458 ###!!! [Child][RunMessage] Error: Channel closing: too late to send/recv, messages will be lost
8월 26, 2020 12:30:03.462 
8월 26, 2020 12:30:03.476 
8월 26, 2020 12:30:03.480 ###!!! [Child][MessageChannel::SendAndWait] Error: Channel error: cannot send/recv
8월 26, 2020 12:30:03.484 
8월 26, 2020 12:54:43.399 [Parent 8632, Gecko_IOThread] WARNING: file /builds/worker/checkouts/gecko/ipc/chromium/src/base/process_util_win.cc, line 166
8월 26, 2020 12:54:43.458 
8월 26, 2020 12:54:43.465 ###!!! [Child][RunMessage] Error: Channel closing: too late to send/recv, messages will be lost
8월 26, 2020 12:54:43.469 
8월 26, 2020 12:54:43.496 
8월 26, 2020 12:54:43.501 ###!!! [Child][MessageChannel::SendAndWait] Error: Channel error: cannot send/recv
8월 26, 2020 12:54:43.506 
8월 26, 2020 12:55:40.772 
8월 26, 2020 12:55:40.782 ###!!! [Child][RunMessage] Error: Channel closing: too late to send/recv, messages will be lost
8월 26, 2020 12:55:40.786 
8월 26, 2020 12:55:40.798 
8월 26, 2020 12:55:40.803 ###!!! [Child][MessageChannel::SendAndWait] Error: Channel error: cannot send/recv
8월 26, 2020 12:55:40.806 
8월 26, 2020 13:04:56.345 
8월 26, 2020 13:04:56.352 ###!!! [Child][MessageChannel::SendAndWait] Error: Channel error: cannot send/recv
8월 26, 2020 13:04:56.359 
<<<<<<< Updated upstream
8월 26, 2020 16:27:45.991 
8월 26, 2020 16:27:45.999 ###!!! [Child][RunMessage] Error: Channel closing: too late to send/recv, messages will be lost
8월 26, 2020 16:27:46.04 
8월 26, 2020 16:27:46.38 
8월 26, 2020 16:27:46.43 ###!!! [Child][MessageChannel::SendAndWait] Error: Channel error: cannot send/recv
8월 26, 2020 16:27:46.47 
=======
8월 26, 2020 13:06:44.180 
8월 26, 2020 13:06:44.192 ###!!! [Child][RunMessage] Error: Channel closing: too late to send/recv, messages will be lost
8월 26, 2020 13:06:44.196 
8월 26, 2020 13:06:44.219 
8월 26, 2020 13:06:44.226 ###!!! [Child][MessageChannel::SendAndWait] Error: Channel error: cannot send/recv
8월 26, 2020 13:06:44.230 
8월 26, 2020 16:22:36.980 
8월 26, 2020 16:22:36.991 ###!!! [Child][RunMessage] Error: Channel closing: too late to send/recv, messages will be lost
8월 26, 2020 16:22:36.995 
8월 26, 2020 16:22:37.40 
8월 26, 2020 16:22:37.45 ###!!! [Child][MessageChannel::SendAndWait] Error: Channel error: cannot send/recv
8월 26, 2020 16:22:37.50 
>>>>>>> Stashed changes
8월 26, 2020 17:33:20.588 
8월 26, 2020 17:33:20.596 ###!!! [Child][RunMessage] Error: Channel closing: too late to send/recv, messages will be lost
8월 26, 2020 17:33:20.600 
8월 26, 2020 17:33:20.623 
8월 26, 2020 17:33:20.628 ###!!! [Child][MessageChannel::SendAndWait] Error: Channel error: cannot send/recv
8월 26, 2020 17:33:20.633 
